<?xml version="1.0" encoding="UTF-8"?>
<!-- Generated by org.testng.reporters.JUnitReportReporter -->
<testsuite skipped="0" hostname="DESKTOP-FL19GHR" name="org.facebook.ExecutionTest" tests="6" failures="0" timestamp="01 Dec 2023 19:23:43 GMT" time="0.046" errors="0">
  <testcase name="tc3" time="0.015" classname="org.facebook.ExecutionTest"/>
  <testcase name="tc1" time="0.000" classname="org.facebook.ExecutionTest"/>
  <testcase name="tc2" time="0.000" classname="org.facebook.ExecutionTest"/>
  <testcase name="tc6" time="0.000" classname="org.facebook.ExecutionTest"/>
  <testcase name="tc5" time="0.016" classname="org.facebook.ExecutionTest"/>
  <testcase name="tc4" time="0.015" classname="org.facebook.ExecutionTest"/>
</testsuite> <!-- org.facebook.ExecutionTest -->
