<?xml version="1.0" encoding="UTF-8"?>
<!-- Generated by org.testng.reporters.JUnitReportReporter -->
<testsuite skipped="0" hostname="DESKTOP-FL19GHR" name="org.addactinhotel.ExecutionClass" tests="7" failures="0" timestamp="01 Dec 2023 19:25:17 GMT" time="21.279" errors="0">
  <testcase name="loginData" time="1.277" classname="org.addactinhotel.ExecutionClass"/>
  <testcase name="loginPage" time="2.044" classname="org.addactinhotel.ExecutionClass"/>
  <testcase name="booking" time="5.355" classname="org.addactinhotel.ExecutionClass"/>
  <testcase name="searchHotel" time="3.423" classname="org.addactinhotel.ExecutionClass"/>
  <testcase name="finalDataHotel" time="1.281" classname="org.addactinhotel.ExecutionClass"/>
  <testcase name="finalDataHotel" time="0.891" classname="org.addactinhotel.ExecutionClass"/>
  <testcase name="confirmHotel" time="7.008" classname="org.addactinhotel.ExecutionClass"/>
</testsuite> <!-- org.addactinhotel.ExecutionClass -->
